Start testing: May 06 17:17 UTC
----------------------------------------------------------
1/1 Testing: TEST_PRINT_IP
1/1 Test: TEST_PRINT_IP
Command: "/home/travis/build/libhet/print_ip/test/test_print_ip"
Directory: /home/travis/build/libhet/print_ip/test
"TEST_PRINT_IP" start time: May 06 17:17 UTC
Output:
----------------------------------------------------------
Running 11 test cases...

*** No errors detected
<end of output>
Test time =   0.00 sec
----------------------------------------------------------
Test Passed.
"TEST_PRINT_IP" end time: May 06 17:17 UTC
"TEST_PRINT_IP" time elapsed: 00:00:00
----------------------------------------------------------

End testing: May 06 17:17 UTC
